[2025-07-21T16:10:14.450294+02:00] AppLogger.ERROR: An unexpected error occurred while loading plugin 'slider': Call to a member function addAction() on null [] []
[2025-07-21T16:10:14.457299+02:00] application.ERROR: Cannot call index() on Home\HomeController because it is not a class nor a valid container entry {"exception":"[object] (Invoker\\Exception\\NotCallableException(code: 0): Cannot call index() on Home\\HomeController because it is not a class nor a valid container entry at C:\\xampp\\htdocs\\lovesta-framework\\vendor\\php-di\\invoker\\src\\CallableResolver.php:90)"} []
[2025-07-21T16:12:13.800758+02:00] AppLogger.ERROR: An unexpected error occurred while loading plugin 'slider': Call to a member function addAction() on null [] []
[2025-07-21T16:12:13.815978+02:00] application.ERROR: Cannot call index() on Home\HomeController because it is not a class nor a valid container entry {"exception":"[object] (Invoker\\Exception\\NotCallableException(code: 0): Cannot call index() on Home\\HomeController because it is not a class nor a valid container entry at C:\\xampp\\htdocs\\lovesta-framework\\vendor\\php-di\\invoker\\src\\CallableResolver.php:90)"} []
[2025-07-21T16:12:16.761863+02:00] AppLogger.ERROR: An unexpected error occurred while loading plugin 'slider': Call to a member function addAction() on null [] []
[2025-07-21T16:13:51.925007+02:00] AppLogger.ERROR: An unexpected error occurred while loading plugin 'slider': Call to a member function addAction() on null [] []
[2025-07-21T16:13:51.935078+02:00] application.ERROR: Cannot call index() on Home\HomeController because it is not a class nor a valid container entry {"exception":"[object] (Invoker\\Exception\\NotCallableException(code: 0): Cannot call index() on Home\\HomeController because it is not a class nor a valid container entry at C:\\xampp\\htdocs\\lovesta-framework\\vendor\\php-di\\invoker\\src\\CallableResolver.php:90)"} []
[2025-07-21T16:13:52.249453+02:00] AppLogger.ERROR: An unexpected error occurred while loading plugin 'slider': Call to a member function addAction() on null [] []
[2025-07-21T16:13:52.259770+02:00] application.ERROR: Cannot call index() on Home\HomeController because it is not a class nor a valid container entry {"exception":"[object] (Invoker\\Exception\\NotCallableException(code: 0): Cannot call index() on Home\\HomeController because it is not a class nor a valid container entry at C:\\xampp\\htdocs\\lovesta-framework\\vendor\\php-di\\invoker\\src\\CallableResolver.php:90)"} []
[2025-07-21T16:16:15.530004+02:00] AppLogger.ERROR: An unexpected error occurred while loading plugin 'slider': Call to a member function addAction() on null [] []
[2025-07-21T16:16:15.540659+02:00] application.ERROR: View file not found: C:\xampp\htdocs\lovesta-framework/plugins/home::home {"exception":"[object] (RuntimeException(code: 0): View file not found: C:\\xampp\\htdocs\\lovesta-framework/plugins/home::home at C:\\xampp\\htdocs\\lovesta-framework\\app\\Core\\Http\\Response.php:228)"} []
[2025-07-21T16:17:51.797827+02:00] AppLogger.ERROR: An unexpected error occurred while loading plugin 'slider': Call to a member function addAction() on null [] []
[2025-07-21T16:17:51.807778+02:00] application.ERROR: View file not found: C:\xampp\htdocs\lovesta-framework/plugins/home/home {"exception":"[object] (RuntimeException(code: 0): View file not found: C:\\xampp\\htdocs\\lovesta-framework/plugins/home/home at C:\\xampp\\htdocs\\lovesta-framework\\app\\Core\\Http\\Response.php:228)"} []
[2025-07-21T16:19:20.891652+02:00] AppLogger.ERROR: An unexpected error occurred while loading plugin 'slider': Call to a member function addAction() on null [] []
[2025-07-21T16:19:20.982368+02:00] application.ERROR: Class "ActionFilterHelper" not found {"exception":"[object] (Error(code: 0): Class \"ActionFilterHelper\" not found at C:\\xampp\\htdocs\\lovesta-framework\\plugins\\home\\views\\home.php:16)"} []
[2025-07-21T16:19:53.141823+02:00] AppLogger.ERROR: An unexpected error occurred while loading plugin 'slider': Call to a member function addAction() on null [] []
[2025-07-21T16:19:53.231871+02:00] application.ERROR: Class "ActionFilterHelper" not found {"exception":"[object] (Error(code: 0): Class \"ActionFilterHelper\" not found at C:\\xampp\\htdocs\\lovesta-framework\\plugins\\home\\views\\home.php:16)"} []
[2025-07-21T16:21:08.096256+02:00] application.ERROR: Class "ActionFilterHelper" not found {"exception":"[object] (Error(code: 0): Class \"ActionFilterHelper\" not found at C:\\xampp\\htdocs\\lovesta-framework\\plugins\\home\\views\\home.php:16)"} []
[2025-07-21T16:21:16.838038+02:00] application.ERROR: Class "ActionFilterHelper" not found {"exception":"[object] (Error(code: 0): Class \"ActionFilterHelper\" not found at C:\\xampp\\htdocs\\lovesta-framework\\plugins\\home\\views\\home.php:16)"} []
[2025-07-21T17:00:40.370775+02:00] application.ERROR: View file not found: C:\xampp\htdocs\lovesta-framework/plugins/layouts/app.php {"exception":"[object] (RuntimeException(code: 0): View file not found: C:\\xampp\\htdocs\\lovesta-framework/plugins/layouts/app.php at C:\\xampp\\htdocs\\lovesta-framework\\app\\Core\\Http\\Response.php:231)"} []
[2025-07-21T17:02:13.463396+02:00] application.ERROR: View file not found: C:\xampp\htdocs\lovesta-framework/resources/views/layouts/app.php {"exception":"[object] (RuntimeException(code: 0): View file not found: C:\\xampp\\htdocs\\lovesta-framework/resources/views/layouts/app.php at C:\\xampp\\htdocs\\lovesta-framework\\app\\Core\\Http\\Response.php:231)"} []
[2025-07-21T17:02:45.774539+02:00] application.ERROR: View file not found: C:\xampp\htdocs\lovesta-framework/resources/views/layouts/app.php {"exception":"[object] (RuntimeException(code: 0): View file not found: C:\\xampp\\htdocs\\lovesta-framework/resources/views/layouts/app.php at C:\\xampp\\htdocs\\lovesta-framework\\app\\Core\\Http\\Response.php:231)"} []
[2025-07-21T17:03:07.253074+02:00] application.ERROR: View file not found: C:\xampp\htdocs\lovesta-framework/plugins/resources/layouts/app.php {"exception":"[object] (RuntimeException(code: 0): View file not found: C:\\xampp\\htdocs\\lovesta-framework/plugins/resources/layouts/app.php at C:\\xampp\\htdocs\\lovesta-framework\\app\\Core\\Http\\Response.php:231)"} []
